epoch,loss,accuracy
0, 0.02378,2.626
1, 0.02289,2.972
2, 0.02119,3.455
3, 0.01859,3.064
4, 0.01516,2.718
5, 0.01167,0.921
6, 0.00895,0.138
7, 0.00732,0.000
8, 0.00656,0.000
9, 0.00607,0.000
10, 0.00539,0.507
11, 0.00457,2.903
12, 0.00403,4.861
13, 0.00366,7.095
14, 0.00343,9.007
15, 0.00328,10.735
16, 0.00317,9.929
17, 0.00309,11.126
18, 0.00304,11.679
19, 0.00303,10.735
20, 0.00298,11.426
21, 0.00299,11.748
22, 0.00295,12.232
23, 0.00293,13.200
24, 0.00291,13.730
25, 0.00290,14.213
26, 0.00291,15.227
27, 0.00288,15.250
28, 0.00286,16.425
29, 0.00283,18.406
30, 0.00280,18.383
31, 0.00276,20.341
32, 0.00273,20.502
33, 0.00269,21.562
34, 0.00262,22.391
35, 0.00261,23.036
36, 0.00258,23.197
37, 0.00254,23.704
38, 0.00251,23.865
39, 0.00249,23.912
40, 0.00245,24.096
41, 0.00243,24.464
42, 0.00243,23.842
43, 0.00239,24.695
44, 0.00240,24.879
45, 0.00240,24.971
46, 0.00237,25.225
47, 0.00236,25.294
48, 0.00238,24.718
49, 0.00236,25.478
50, 0.00237,25.455
51, 0.00235,25.731
52, 0.00234,25.801
53, 0.00233,25.916
54, 0.00235,25.708
55, 0.00234,25.916
56, 0.00235,26.399
57, 0.00233,25.847
58, 0.00234,25.570
59, 0.00232,25.662
60, 0.00233,25.754
61, 0.00233,24.626
62, 0.00232,25.870
63, 0.00233,24.833
64, 0.00232,25.386
65, 0.00233,26.492
66, 0.00229,26.261
67, 0.00232,25.685
68, 0.00231,25.731
69, 0.00231,26.607
70, 0.00231,25.363
71, 0.00232,25.985
72, 0.00231,26.307
73, 0.00230,26.492
74, 0.00232,26.561
75, 0.00228,25.824
76, 0.00228,26.422
77, 0.00229,26.353
78, 0.00229,26.330
79, 0.00230,25.962
80, 0.00230,26.261
81, 0.00230,26.399
82, 0.00230,26.607
83, 0.00230,26.814
84, 0.00230,26.192
85, 0.00228,26.515
86, 0.00230,26.676
87, 0.00231,26.284
88, 0.00228,26.745
89, 0.00229,26.238
90, 0.00228,26.676
91, 0.00228,25.754
92, 0.00228,26.837
93, 0.00229,26.561
94, 0.00230,26.330
95, 0.00229,26.146
96, 0.00230,25.294
97, 0.00229,27.183
98, 0.00229,26.284
99, 0.00226,27.067
100, 0.00227,26.745
101, 0.00228,26.192
102, 0.00230,26.100
103, 0.00227,26.238
104, 0.00228,26.238
105, 0.00227,26.353
106, 0.00228,26.399
107, 0.00227,26.883
108, 0.00227,26.584
109, 0.00229,25.893
110, 0.00229,26.031
111, 0.00228,26.791
112, 0.00228,26.653
113, 0.00228,26.284
114, 0.00227,26.998
115, 0.00230,27.206
116, 0.00227,26.146
117, 0.00227,26.284
118, 0.00227,26.722
119, 0.00228,26.284
120, 0.00228,26.446
121, 0.00230,25.386
122, 0.00228,26.768
123, 0.00226,27.344
124, 0.00225,27.252
125, 0.00227,26.538
126, 0.00227,26.998
127, 0.00227,27.044
128, 0.00228,26.722
129, 0.00226,26.630
130, 0.00228,26.515
131, 0.00228,27.275
132, 0.00227,26.699
133, 0.00227,26.768
134, 0.00227,26.561
135, 0.00227,25.708
136, 0.00228,26.676
137, 0.00226,27.044
138, 0.00227,26.952
139, 0.00226,27.160
140, 0.00226,27.067
141, 0.00226,27.044
142, 0.00226,27.021
143, 0.00226,26.469
144, 0.00225,27.021
145, 0.00226,27.183
146, 0.00226,27.183
147, 0.00224,27.643
148, 0.00226,27.344
149, 0.00226,26.169
150, 0.00227,26.630
151, 0.00225,26.538
152, 0.00226,27.275
153, 0.00226,27.091
154, 0.00225,27.897
155, 0.00225,27.459
156, 0.00224,26.975
157, 0.00225,27.597
158, 0.00225,27.528
159, 0.00224,26.653
160, 0.00225,28.288
161, 0.00224,27.321
162, 0.00225,27.298
163, 0.00224,27.805
164, 0.00222,26.952
165, 0.00224,26.768
166, 0.00224,27.897
167, 0.00223,28.058
168, 0.00224,27.298
169, 0.00223,27.666
170, 0.00224,27.206
171, 0.00225,27.206
172, 0.00222,27.805
173, 0.00224,26.768
174, 0.00223,27.666
175, 0.00224,27.114
176, 0.00222,27.390
177, 0.00224,27.459
178, 0.00225,27.482
179, 0.00223,26.906
180, 0.00223,27.505
181, 0.00225,28.288
182, 0.00225,27.160
183, 0.00223,27.206
184, 0.00223,27.597
185, 0.00225,27.482
186, 0.00223,27.620
187, 0.00223,27.966
188, 0.00223,27.874
189, 0.00224,27.021
190, 0.00222,27.643
191, 0.00223,26.998
192, 0.00221,27.759
193, 0.00223,27.505
194, 0.00225,27.689
195, 0.00223,27.851
196, 0.00223,27.597
197, 0.00222,26.492
198, 0.00223,27.782
199, 0.00220,28.035
200, 0.00222,26.676
201, 0.00223,27.828
202, 0.00222,27.943
203, 0.00222,27.759
204, 0.00223,27.759
205, 0.00222,27.782
206, 0.00223,27.828
207, 0.00222,27.597
208, 0.00222,27.021
209, 0.00221,28.726
210, 0.00222,28.127
211, 0.00221,27.805
212, 0.00222,26.883
213, 0.00223,27.805
214, 0.00222,28.058
215, 0.00222,27.574
216, 0.00223,28.081
217, 0.00222,27.828
218, 0.00222,27.943
219, 0.00222,28.542
220, 0.00224,27.206
221, 0.00222,27.966
222, 0.00221,28.358
223, 0.00222,28.265
224, 0.00221,28.519
225, 0.00223,28.726
226, 0.00222,27.321
227, 0.00223,27.505
228, 0.00222,27.551
229, 0.00222,27.966
230, 0.00221,28.127
231, 0.00222,28.150
232, 0.00220,28.956
233, 0.00222,28.035
234, 0.00222,27.574
235, 0.00221,27.666
236, 0.00221,28.173
237, 0.00222,27.989
238, 0.00221,27.298
239, 0.00221,27.528
240, 0.00221,28.081
241, 0.00221,28.104
242, 0.00221,28.127
243, 0.00221,27.275
244, 0.00221,27.966
245, 0.00222,27.805
246, 0.00221,27.874
247, 0.00221,28.334
248, 0.00221,28.358
249, 0.00221,28.196
250, 0.00221,28.012
251, 0.00220,28.081
252, 0.00220,28.795
253, 0.00223,27.828
254, 0.00221,27.966
255, 0.00221,27.713
256, 0.00219,28.219
257, 0.00220,28.081
258, 0.00220,28.035
259, 0.00220,28.219
260, 0.00220,28.404
261, 0.00220,28.058
262, 0.00221,28.703
263, 0.00221,28.450
264, 0.00219,28.979
265, 0.00221,28.381
266, 0.00221,28.242
267, 0.00221,28.173
268, 0.00221,28.265
269, 0.00220,27.874
270, 0.00220,28.334
271, 0.00220,28.381
272, 0.00220,28.104
273, 0.00220,28.680
274, 0.00219,29.486
275, 0.00220,28.358
276, 0.00220,29.003
277, 0.00219,27.897
278, 0.00219,28.104
279, 0.00221,29.049
280, 0.00220,28.519
281, 0.00221,28.381
282, 0.00219,28.427
283, 0.00220,28.956
284, 0.00220,28.427
285, 0.00219,28.450
286, 0.00219,29.049
287, 0.00220,28.588
288, 0.00220,28.311
289, 0.00219,28.427
290, 0.00220,28.657
291, 0.00219,29.394
292, 0.00221,28.680
293, 0.00219,28.473
294, 0.00219,28.910
295, 0.00219,28.173
296, 0.00219,28.496
297, 0.00219,28.427
298, 0.00218,29.141
299, 0.00219,28.150
300, 0.00219,27.689
301, 0.00220,28.058
302, 0.00219,29.118
303, 0.00219,28.680
304, 0.00219,28.288
305, 0.00220,28.841
306, 0.00218,29.486
307, 0.00219,28.795
308, 0.00218,28.703
309, 0.00219,29.003
310, 0.00218,29.532
311, 0.00218,27.828
312, 0.00219,28.772
313, 0.00219,28.588
314, 0.00219,28.381
315, 0.00220,28.565
316, 0.00220,28.496
317, 0.00218,29.348
318, 0.00219,28.450
319, 0.00217,28.818
320, 0.00219,29.003
321, 0.00219,28.219
322, 0.00219,28.473
323, 0.00218,29.164
324, 0.00220,28.979
325, 0.00218,29.003
326, 0.00219,29.141
327, 0.00220,28.381
328, 0.00219,28.334
329, 0.00218,29.141
330, 0.00218,29.072
331, 0.00218,27.920
332, 0.00218,28.726
333, 0.00216,28.450
334, 0.00218,29.279
335, 0.00217,28.404
336, 0.00217,29.348
337, 0.00218,29.141
338, 0.00218,29.440
339, 0.00218,29.578
340, 0.00217,29.026
341, 0.00218,28.910
342, 0.00219,28.611
343, 0.00218,29.003
344, 0.00218,28.565
345, 0.00218,29.141
346, 0.00217,28.772
347, 0.00219,28.772
348, 0.00218,28.979
349, 0.00217,29.532
350, 0.00218,29.003
351, 0.00216,29.164
352, 0.00218,29.671
353, 0.00217,29.947
354, 0.00218,28.910
355, 0.00219,29.233
356, 0.00217,28.887
357, 0.00217,28.265
358, 0.00218,29.072
359, 0.00218,29.187
360, 0.00218,28.450
361, 0.00218,29.532
362, 0.00217,29.855
363, 0.00218,28.887
364, 0.00219,28.519
365, 0.00217,29.486
366, 0.00217,29.786
367, 0.00217,28.542
368, 0.00217,29.394
369, 0.00217,29.786
370, 0.00217,29.671
371, 0.00216,29.786
372, 0.00219,29.003
373, 0.00217,29.256
374, 0.00218,29.095
375, 0.00217,29.394
376, 0.00217,28.634
377, 0.00217,29.049
378, 0.00217,29.095
379, 0.00218,28.749
380, 0.00217,28.772
381, 0.00218,29.509
382, 0.00218,28.864
383, 0.00220,28.933
384, 0.00218,29.601
385, 0.00216,29.348
386, 0.00218,28.703
387, 0.00217,29.348
388, 0.00217,29.279
389, 0.00218,29.440
390, 0.00216,28.542
391, 0.00216,29.233
392, 0.00218,29.026
393, 0.00219,29.578
394, 0.00218,28.933
395, 0.00216,29.371
396, 0.00218,29.394
397, 0.00218,28.956
398, 0.00218,29.394
399, 0.00217,29.118
400, 0.00217,30.108
401, 0.00216,29.348
402, 0.00217,29.855
403, 0.00217,29.394
404, 0.00217,29.901
405, 0.00217,28.979
406, 0.00218,28.956
407, 0.00218,28.818
408, 0.00218,28.611
409, 0.00218,29.026
410, 0.00217,29.003
411, 0.00216,29.694
412, 0.00217,29.601
413, 0.00217,28.956
414, 0.00218,28.818
415, 0.00216,29.717
416, 0.00216,29.440
417, 0.00217,29.532
418, 0.00217,29.625
419, 0.00216,29.740
420, 0.00217,29.625
421, 0.00216,29.601
422, 0.00216,29.855
423, 0.00217,29.486
424, 0.00217,30.223
425, 0.00217,30.316
426, 0.00217,29.509
427, 0.00216,29.671
428, 0.00217,29.532
429, 0.00217,30.200
430, 0.00219,30.016
431, 0.00215,29.786
432, 0.00215,30.062
433, 0.00215,29.809
434, 0.00216,28.795
435, 0.00217,29.648
436, 0.00216,30.016
437, 0.00217,29.026
438, 0.00217,29.970
439, 0.00215,29.924
440, 0.00217,29.555
441, 0.00217,29.901
442, 0.00218,29.786
443, 0.00218,29.256
444, 0.00215,30.270
445, 0.00217,29.118
446, 0.00217,28.818
447, 0.00216,30.154
448, 0.00216,30.131
449, 0.00217,29.325
450, 0.00218,29.440
451, 0.00216,29.878
452, 0.00217,29.279
453, 0.00216,29.832
454, 0.00217,29.694
455, 0.00216,30.062
456, 0.00217,29.694
457, 0.00216,29.763
458, 0.00215,29.993
459, 0.00216,29.694
460, 0.00216,29.187
461, 0.00215,30.108
462, 0.00215,30.200
463, 0.00217,29.763
464, 0.00215,29.970
465, 0.00214,30.339
466, 0.00217,30.223
467, 0.00218,29.901
468, 0.00217,29.924
469, 0.00216,30.246
470, 0.00215,30.039
471, 0.00215,30.915
472, 0.00216,29.970
473, 0.00216,29.371
474, 0.00217,30.085
475, 0.00216,29.625
476, 0.00216,29.417
477, 0.00216,29.648
478, 0.00215,29.901
479, 0.00216,29.463
480, 0.00215,30.270
481, 0.00217,29.786
482, 0.00215,29.786
483, 0.00217,30.200
484, 0.00216,29.164
485, 0.00215,29.210
486, 0.00216,29.648
487, 0.00216,29.394
488, 0.00216,29.717
489, 0.00217,30.177
490, 0.00216,30.431
491, 0.00216,29.717
492, 0.00216,30.316
493, 0.00216,29.763
494, 0.00216,29.717
495, 0.00216,29.763
496, 0.00217,29.924
497, 0.00216,30.085
498, 0.00216,29.832
499, 0.00217,29.302
500, 0.00215,30.316
501, 0.00218,29.970
502, 0.00217,30.108
503, 0.00217,30.177
504, 0.00215,30.293
505, 0.00216,29.417
506, 0.00216,29.970
507, 0.00217,30.270
508, 0.00216,29.578
509, 0.00215,29.809
510, 0.00215,29.901
511, 0.00215,30.200
512, 0.00215,30.431
513, 0.00215,30.154
514, 0.00213,30.707
515, 0.00217,29.878
516, 0.00217,29.901
517, 0.00216,29.394
518, 0.00216,29.671
519, 0.00216,30.177
520, 0.00215,29.947
521, 0.00217,29.855
522, 0.00217,30.131
523, 0.00215,30.154
524, 0.00217,29.532
525, 0.00216,29.924
526, 0.00217,30.177
527, 0.00215,30.108
528, 0.00215,30.339
529, 0.00215,30.408
530, 0.00216,30.454
531, 0.00214,30.730
532, 0.00217,29.302
533, 0.00216,30.177
534, 0.00217,29.786
535, 0.00215,30.408
536, 0.00216,30.270
537, 0.00216,29.832
538, 0.00217,29.555
539, 0.00218,29.855
540, 0.00215,29.509
541, 0.00217,29.901
542, 0.00215,31.145
543, 0.00214,29.809
544, 0.00215,29.878
545, 0.00215,30.385
546, 0.00215,30.293
547, 0.00214,30.246
548, 0.00216,30.362
549, 0.00217,29.302
550, 0.00215,30.177
551, 0.00215,29.947
552, 0.00215,30.431
553, 0.00215,30.270
554, 0.00215,30.477
555, 0.00215,30.085
556, 0.00216,30.500
557, 0.00216,29.993
558, 0.00217,29.809
559, 0.00215,29.763
560, 0.00215,29.901
561, 0.00215,30.339
562, 0.00214,29.901
563, 0.00216,29.394
564, 0.00215,30.431
565, 0.00215,29.970
566, 0.00215,31.099
567, 0.00215,30.108
568, 0.00216,30.177
569, 0.00215,29.601
570, 0.00216,30.362
571, 0.00216,29.855
572, 0.00215,30.339
573, 0.00215,30.200
574, 0.00215,30.177
575, 0.00215,30.339
576, 0.00216,29.947
577, 0.00214,30.684
578, 0.00217,29.740
579, 0.00215,29.463
580, 0.00214,30.891
581, 0.00216,30.016
582, 0.00215,29.947
583, 0.00216,30.062
584, 0.00215,30.938
585, 0.00214,29.855
586, 0.00215,30.431
587, 0.00215,29.763
588, 0.00215,30.016
589, 0.00215,30.454
590, 0.00215,29.648
591, 0.00216,29.993
592, 0.00217,30.223
593, 0.00215,30.431
594, 0.00215,30.638
595, 0.00215,29.993
596, 0.00216,30.362
597, 0.00216,29.901
598, 0.00215,30.039
599, 0.00214,30.339
600, 0.00215,30.569
601, 0.00214,30.316
602, 0.00215,29.417
603, 0.00215,30.016
604, 0.00215,29.924
605, 0.00214,30.822
606, 0.00216,30.408
607, 0.00214,30.108
608, 0.00215,30.707
609, 0.00215,30.431
610, 0.00216,29.947
611, 0.00216,29.901
612, 0.00216,30.270
613, 0.00215,30.316
614, 0.00216,29.878
615, 0.00215,30.500
616, 0.00215,29.993
617, 0.00215,30.131
618, 0.00215,29.740
619, 0.00214,30.362
620, 0.00216,30.293
621, 0.00215,29.855
622, 0.00215,29.947
623, 0.00215,30.039
624, 0.00214,30.131
625, 0.00217,29.970
626, 0.00214,29.809
627, 0.00215,29.486
628, 0.00215,30.108
629, 0.00214,30.154
630, 0.00215,30.316
631, 0.00214,30.799
632, 0.00214,29.970
633, 0.00216,30.016
634, 0.00215,29.394
635, 0.00215,30.108
636, 0.00216,29.901
637, 0.00216,30.385
638, 0.00215,30.938
639, 0.00216,29.878
640, 0.00213,30.085
641, 0.00213,30.408
642, 0.00217,29.763
643, 0.00215,30.500
644, 0.00216,29.394
645, 0.00216,30.776
646, 0.00214,30.339
647, 0.00215,30.938
648, 0.00214,30.293
649, 0.00214,30.776
650, 0.00215,30.454
651, 0.00214,30.523
652, 0.00214,30.316
653, 0.00215,30.684
654, 0.00215,29.993
655, 0.00215,29.947
656, 0.00214,30.293
657, 0.00214,30.661
658, 0.00215,30.246
659, 0.00215,30.523
660, 0.00216,29.947
661, 0.00215,30.223
662, 0.00216,29.325
663, 0.00214,30.200
664, 0.00215,30.500
665, 0.00214,30.039
666, 0.00215,30.592
667, 0.00214,30.062
668, 0.00213,30.316
669, 0.00213,30.799
670, 0.00215,29.970
671, 0.00213,30.500
672, 0.00214,29.532
673, 0.00214,30.477
674, 0.00216,29.970
675, 0.00214,30.270
676, 0.00216,30.293
677, 0.00214,30.223
678, 0.00216,30.039
679, 0.00215,30.246
680, 0.00216,29.671
681, 0.00215,30.085
682, 0.00213,30.684
683, 0.00213,30.546
684, 0.00215,30.385
685, 0.00214,30.592
686, 0.00215,30.246
687, 0.00214,30.661
688, 0.00215,29.970
689, 0.00216,30.408
690, 0.00214,30.016
691, 0.00216,29.970
692, 0.00216,29.717
693, 0.00215,29.763
694, 0.00216,30.592
695, 0.00215,30.223
696, 0.00214,29.463
697, 0.00213,30.062
698, 0.00214,30.362
699, 0.00213,30.385
700, 0.00214,30.753
701, 0.00214,30.223
702, 0.00214,30.822
703, 0.00214,30.477
704, 0.00215,30.270
705, 0.00214,30.776
706, 0.00215,30.270
707, 0.00215,30.085
708, 0.00214,30.039
709, 0.00215,30.108
710, 0.00215,30.431
711, 0.00214,30.131
712, 0.00215,31.053
713, 0.00214,30.270
714, 0.00215,30.039
715, 0.00214,29.924
716, 0.00215,30.615
717, 0.00214,30.546
718, 0.00214,30.915
719, 0.00216,30.270
720, 0.00216,30.339
721, 0.00215,30.223
722, 0.00216,30.938
723, 0.00214,30.891
724, 0.00214,30.039
725, 0.00215,31.168
726, 0.00214,29.555
727, 0.00213,30.984
728, 0.00213,30.431
729, 0.00214,30.431
730, 0.00215,30.592
731, 0.00213,30.177
732, 0.00214,30.223
733, 0.00214,30.362
734, 0.00215,30.569
735, 0.00215,29.210
736, 0.00213,30.316
737, 0.00213,30.293
738, 0.00215,29.671
739, 0.00214,29.740
740, 0.00215,30.638
741, 0.00214,30.339
742, 0.00215,30.039
743, 0.00213,30.200
744, 0.00214,30.592
745, 0.00215,30.730
746, 0.00213,30.431
747, 0.00213,30.776
748, 0.00215,29.970
749, 0.00215,30.822
750, 0.00215,31.030
751, 0.00213,30.039
752, 0.00214,30.500
753, 0.00214,30.039
754, 0.00214,30.200
755, 0.00215,30.385
756, 0.00215,29.901
757, 0.00214,30.454
758, 0.00214,30.131
759, 0.00214,30.062
760, 0.00213,30.684
761, 0.00213,30.477
762, 0.00213,30.477
763, 0.00214,30.085
764, 0.00214,30.546
765, 0.00214,30.177
766, 0.00215,30.039
767, 0.00214,30.362
768, 0.00213,30.615
769, 0.00214,30.523
770, 0.00215,29.740
771, 0.00214,30.569
772, 0.00213,31.053
773, 0.00216,30.223
774, 0.00214,30.454
775, 0.00215,30.477
776, 0.00214,30.546
777, 0.00213,30.638
778, 0.00214,30.661
779, 0.00213,31.099
780, 0.00216,30.915
781, 0.00214,30.753
782, 0.00213,30.615
783, 0.00216,30.177
784, 0.00216,30.362
785, 0.00214,30.477
786, 0.00214,30.938
787, 0.00213,30.707
788, 0.00215,30.799
789, 0.00213,30.592
790, 0.00214,30.131
791, 0.00214,30.177
792, 0.00214,30.223
793, 0.00214,30.477
794, 0.00214,30.385
795, 0.00215,30.316
796, 0.00214,30.177
797, 0.00213,30.569
798, 0.00214,30.293
799, 0.00213,30.938
800, 0.00213,30.500
801, 0.00216,30.062
802, 0.00214,30.523
803, 0.00212,30.569
804, 0.00213,30.776
805, 0.00215,29.947
806, 0.00214,30.270
807, 0.00214,30.569
808, 0.00215,30.454
809, 0.00214,30.431
810, 0.00213,31.145
811, 0.00214,30.891
812, 0.00213,30.661
813, 0.00213,30.200
814, 0.00214,30.684
815, 0.00213,30.316
816, 0.00215,30.638
817, 0.00213,30.477
818, 0.00213,30.915
819, 0.00214,30.707
820, 0.00215,30.730
821, 0.00214,30.131
822, 0.00216,30.500
823, 0.00212,31.513
824, 0.00213,30.799
825, 0.00212,30.845
826, 0.00215,30.615
827, 0.00214,30.523
828, 0.00215,30.661
829, 0.00213,30.408
830, 0.00213,31.099
831, 0.00214,30.523
832, 0.00214,31.583
833, 0.00212,30.684
834, 0.00214,30.915
835, 0.00214,30.799
836, 0.00213,30.339
837, 0.00213,31.099
838, 0.00214,31.168
839, 0.00213,30.845
840, 0.00214,30.961
841, 0.00213,30.246
842, 0.00213,30.822
843, 0.00214,30.891
844, 0.00213,31.099
845, 0.00214,30.707
846, 0.00214,30.062
847, 0.00214,30.431
848, 0.00214,30.638
849, 0.00213,30.293
850, 0.00214,31.145
851, 0.00214,30.776
852, 0.00214,31.721
853, 0.00214,30.638
854, 0.00214,30.477
855, 0.00214,30.961
856, 0.00215,30.108
857, 0.00213,31.007
858, 0.00214,30.638
859, 0.00214,30.868
860, 0.00214,30.454
861, 0.00216,29.878
862, 0.00213,31.122
863, 0.00215,30.546
864, 0.00213,30.753
865, 0.00214,30.799
866, 0.00214,30.362
867, 0.00214,31.191
868, 0.00213,30.615
869, 0.00213,29.809
870, 0.00215,30.569
871, 0.00214,30.569
872, 0.00213,30.270
873, 0.00215,30.500
874, 0.00213,30.845
875, 0.00214,30.753
876, 0.00214,30.246
877, 0.00214,29.878
878, 0.00214,30.799
879, 0.00213,30.523
880, 0.00214,30.431
881, 0.00214,30.730
882, 0.00213,30.799
883, 0.00212,31.053
884, 0.00214,30.039
885, 0.00214,30.223
886, 0.00213,30.523
887, 0.00213,30.062
888, 0.00214,30.454
889, 0.00214,30.293
890, 0.00214,30.822
891, 0.00213,30.730
892, 0.00213,30.730
893, 0.00214,31.191
894, 0.00213,30.891
895, 0.00216,30.246
896, 0.00214,30.938
897, 0.00213,30.938
898, 0.00213,30.431
899, 0.00214,30.615
900, 0.00213,31.122
901, 0.00213,31.329
902, 0.00215,30.730
903, 0.00214,30.615
904, 0.00214,31.260
905, 0.00213,31.099
906, 0.00213,31.053
907, 0.00213,30.062
908, 0.00213,30.131
909, 0.00213,31.007
910, 0.00213,30.799
911, 0.00213,31.306
912, 0.00212,30.776
913, 0.00213,30.339
914, 0.00213,30.776
915, 0.00213,30.339
916, 0.00213,30.707
917, 0.00212,30.822
918, 0.00213,30.753
919, 0.00212,31.053
920, 0.00212,30.270
921, 0.00214,30.270
922, 0.00213,30.776
923, 0.00215,30.454
924, 0.00213,30.799
925, 0.00214,29.970
926, 0.00213,30.707
927, 0.00213,30.477
928, 0.00212,31.352
929, 0.00213,31.375
930, 0.00213,30.776
931, 0.00214,30.293
932, 0.00214,30.592
933, 0.00215,30.822
934, 0.00215,30.592
935, 0.00214,30.546
936, 0.00213,30.546
937, 0.00214,30.523
938, 0.00215,31.168
939, 0.00214,30.131
940, 0.00213,30.638
941, 0.00214,30.753
942, 0.00213,30.822
943, 0.00214,30.431
944, 0.00214,30.385
945, 0.00213,30.385
946, 0.00213,30.454
947, 0.00216,30.316
948, 0.00213,30.661
949, 0.00214,30.500
950, 0.00213,30.984
951, 0.00212,30.638
952, 0.00213,30.454
953, 0.00213,31.122
954, 0.00214,30.753
955, 0.00214,31.122
956, 0.00213,30.868
957, 0.00212,30.223
958, 0.00213,30.362
959, 0.00213,30.546
960, 0.00212,30.477
961, 0.00213,30.730
962, 0.00214,30.661
963, 0.00213,31.237
964, 0.00212,30.362
965, 0.00213,30.915
966, 0.00213,31.721
967, 0.00215,31.030
968, 0.00214,30.615
969, 0.00213,31.099
970, 0.00214,30.891
971, 0.00215,31.329
972, 0.00215,30.362
973, 0.00214,30.684
974, 0.00213,31.053
975, 0.00213,30.638
976, 0.00213,30.984
977, 0.00213,30.915
978, 0.00213,30.523
979, 0.00214,31.283
980, 0.00213,30.822
981, 0.00213,30.915
982, 0.00213,30.730
983, 0.00212,31.283
984, 0.00213,30.569
985, 0.00212,30.891
986, 0.00213,30.684
987, 0.00214,31.030
988, 0.00214,30.454
989, 0.00212,31.421
990, 0.00213,29.993
991, 0.00213,30.546
992, 0.00213,31.191
993, 0.00212,30.730
994, 0.00213,30.891
995, 0.00213,31.560
996, 0.00212,30.246
997, 0.00213,31.375
998, 0.00213,31.053
999, 0.00213,30.615
